<?xml version="1.0" encoding="UTF-8"?>
<testsuite xmlns:xsi="http://www.w3.org/2001/XMLSchema-instance" xsi:noNamespaceSchemaLocation="https://maven.apache.org/surefire/maven-surefire-plugin/xsd/surefire-test-report-3.0.xsd" version="3.0" name="com.icici.BankingTransactionManagementSystemApplicationTests" time="25.158" tests="1" errors="0" skipped="0" failures="0">
  <properties>
[...]
</properties>
  <testcase name="contextLoads" classname="com.icici.BankingTransactionManagementSystemApplicationTests" time="1.629">
    <system-out><![CDATA[23:02:45.836 [main] INFO org.springframework.test.context.support.AnnotationConfigContextLoaderUtils -- Could not detect default configuration classes for test class [com.icici.BankingTransactionManagementSystemApplicationTests]: BankingTransactionManagementSystemApplicationTests does not declare any static, non-private, non-final, nested classes annotated with @Configuration.
23:02:46.132 [main] INFO org.springframework.boot.test.context.SpringBootTestContextBootstrapper -- Found @SpringBootConfiguration com.icici.BankingTransactionManagementSystemApplication for test class com.icici.BankingTransactionManagementSystemApplicationTests
23:02:46.624 [main] INFO org.springframework.boot.devtools.restart.RestartApplicationListener -- Restart disabled due to context in which it is running

  .   ____          _            __ _ _
 /\\ / ___'_ __ _ _(_)_ __  __ _ \ \ \ \
( ( )\___ | '_ | '_| | '_ \/ _` | \ \ \ \
 \\/  ___)| |_)| | | | | || (_| |  ) ) ) )
  '  |____| .__|_| |_|_| |_\__, | / / / /
 =========|_|==============|___/=/_/_/_/

 :: Spring Boot ::                (v3.3.3)

2025-09-13T23:02:47.363+05:30  INFO 10572 --- [Banking-Transaction-Management-System] [           main] nsactionManagementSystemApplicationTests : Starting BankingTransactionManagementSystemApplicationTests using Java 21.0.8 with PID 10572 (started by Shubham in D:\Project\new_workspace\Banking-Transaction-Management-rabbitmq)
2025-09-13T23:02:47.367+05:30  INFO 10572 --- [Banking-Transaction-Management-System] [           main] nsactionManagementSystemApplicationTests : No active profile set, falling back to 1 default profile: "default"
2025-09-13T23:02:50.859+05:30  INFO 10572 --- [Banking-Transaction-Management-System] [           main] .s.d.r.c.RepositoryConfigurationDelegate : Bootstrapping Spring Data JPA repositories in DEFAULT mode.
2025-09-13T23:02:51.127+05:30  INFO 10572 --- [Banking-Transaction-Management-System] [           main] .s.d.r.c.RepositoryConfigurationDelegate : Finished Spring Data repository scanning in 250 ms. Found 2 JPA repository interfaces.
2025-09-13T23:02:53.477+05:30  INFO 10572 --- [Banking-Transaction-Management-System] [           main] o.hibernate.jpa.internal.util.LogHelper  : HHH000204: Processing PersistenceUnitInfo [name: default]
2025-09-13T23:02:53.782+05:30  INFO 10572 --- [Banking-Transaction-Management-System] [           main] org.hibernate.Version                    : HHH000412: Hibernate ORM core version 6.5.2.Final
2025-09-13T23:02:53.912+05:30  INFO 10572 --- [Banking-Transaction-Management-System] [           main] o.h.c.internal.RegionFactoryInitiator    : HHH000026: Second-level cache disabled
2025-09-13T23:02:54.965+05:30  INFO 10572 --- [Banking-Transaction-Management-System] [           main] o.s.o.j.p.SpringPersistenceUnitInfo      : No LoadTimeWeaver setup: ignoring JPA class transformer
2025-09-13T23:02:55.060+05:30  INFO 10572 --- [Banking-Transaction-Management-System] [           main] com.zaxxer.hikari.HikariDataSource       : HikariPool-1 - Starting...
2025-09-13T23:02:56.548+05:30  INFO 10572 --- [Banking-Transaction-Management-System] [           main] com.zaxxer.hikari.pool.HikariPool        : HikariPool-1 - Added connection com.mysql.cj.jdbc.ConnectionImpl@39514976
2025-09-13T23:02:56.554+05:30  INFO 10572 --- [Banking-Transaction-Management-System] [           main] com.zaxxer.hikari.HikariDataSource       : HikariPool-1 - Start completed.
2025-09-13T23:02:56.766+05:30  WARN 10572 --- [Banking-Transaction-Management-System] [           main] org.hibernate.orm.deprecation            : HHH90000025: MySQLDialect does not need to be specified explicitly using 'hibernate.dialect' (remove the property setting and it will be selected by default)
2025-09-13T23:02:58.881+05:30  INFO 10572 --- [Banking-Transaction-Management-System] [           main] o.h.e.t.j.p.i.JtaPlatformInitiator       : HHH000489: No JTA platform available (set 'hibernate.transaction.jta.platform' to enable JTA platform integration)
2025-09-13T23:02:59.354+05:30  INFO 10572 --- [Banking-Transaction-Management-System] [           main] j.LocalContainerEntityManagerFactoryBean : Initialized JPA EntityManagerFactory for persistence unit 'default'
2025-09-13T23:03:00.779+05:30  WARN 10572 --- [Banking-Transaction-Management-System] [           main] JpaBaseConfiguration$JpaWebConfiguration : spring.jpa.open-in-view is enabled by default. Therefore, database queries may be performed during view rendering. Explicitly configure spring.jpa.open-in-view to disable this warning
2025-09-13T23:03:01.101+05:30  INFO 10572 --- [Banking-Transaction-Management-System] [           main] r$InitializeUserDetailsManagerConfigurer : Global AuthenticationManager configured with UserDetailsService bean with name userDetailsService
2025-09-13T23:03:06.640+05:30  INFO 10572 --- [Banking-Transaction-Management-System] [           main] o.s.a.r.c.CachingConnectionFactory       : Attempting to connect to: [localhost:5672]
2025-09-13T23:03:08.025+05:30  INFO 10572 --- [Banking-Transaction-Management-System] [           main] o.s.a.r.c.CachingConnectionFactory       : Created new connection: rabbitConnectionFactory#3f919230:0/SimpleConnection@63574d76 [delegate=amqp://guest@127.0.0.1:5672/, localPort=55227]
2025-09-13T23:03:08.043+05:30  INFO 10572 --- [Banking-Transaction-Management-System] [           main] o.s.amqp.rabbit.core.RabbitAdmin         : Auto-declaring a non-durable, auto-delete, or exclusive Queue (transactionQueue) durable:false, auto-delete:false, exclusive:false. It will be redeclared if the broker stops and is restarted while the connection factory is alive, but all messages will be lost.
2025-09-13T23:03:08.397+05:30  INFO 10572 --- [Banking-Transaction-Management-System] [           main] nsactionManagementSystemApplicationTests : Started BankingTransactionManagementSystemApplicationTests in 21.796 seconds (process running for 25.448)
]]></system-out>
    <system-err><![CDATA[WARNING: A Java agent has been loaded dynamically (C:\Users\Shubham\.m2\repository\net\bytebuddy\byte-buddy-agent\1.14.19\byte-buddy-agent-1.14.19.jar)
WARNING: If a serviceability tool is in use, please run with -XX:+EnableDynamicAgentLoading to hide this warning
WARNING: If a serviceability tool is not in use, please run with -Djdk.instrument.traceUsage for more information
WARNING: Dynamic loading of agents will be disallowed by default in a future release
]]></system-err>
  </testcase>
</testsuite>